<?xml version="1.0" encoding="utf-8" standalone="no"?>
<!--This file represents the results of running a test suite-->
<test-results name="C:\Daten\Gemeinde\Sublan\Programierung\CasparCGNETConnector\NUnitTests\NUnitTests.nunit" total="16" errors="0" failures="0" not-run="0" inconclusive="0" ignored="0" skipped="0" invalid="0" date="2015-01-19" time="17:12:15">
  <environment nunit-version="2.6.4.14350" clr-version="2.0.50727.5485" os-version="Microsoft Windows NT 6.1.7601 Service Pack 1" platform="Win32NT" cwd="C:\Windows\system32" machine-name="MOBILSKLAVE" user="chrissi" user-domain="Mobilsklave" />
  <culture-info current-culture="de-DE" current-uiculture="de-DE" />
  <test-suite type="Project" name="C:\Daten\Gemeinde\Sublan\Programierung\CasparCGNETConnector\NUnitTests\NUnitTests.nunit" executed="True" result="Success" success="True" time="0.472" asserts="0">
    <results>
      <test-suite type="Assembly" name="C:\Daten\Gemeinde\Sublan\Programierung\CasparCGNETConnector\NUnitTests\bin\Release\NUnitTests.dll" executed="True" result="Success" success="True" time="0.450" asserts="0">
        <results>
          <test-suite type="Namespace" name="NUnitTests" executed="True" result="Success" success="True" time="0.450" asserts="0">
            <results>
              <test-suite type="TestFixture" name="BasicCommandTests" executed="True" result="Success" success="True" time="0.446" asserts="0">
                <results>
                  <test-case name="NUnitTests.BasicCommandTests.testAdd" executed="True" result="Success" success="True" time="0.079" asserts="8" />
                  <test-case name="NUnitTests.BasicCommandTests.testCall" executed="True" result="Success" success="True" time="0.039" asserts="26" />
                  <test-case name="NUnitTests.BasicCommandTests.testClear" executed="True" result="Success" success="True" time="0.010" asserts="13" />
                  <test-case name="NUnitTests.BasicCommandTests.testKill" executed="True" result="Success" success="True" time="0.002" asserts="2" />
                  <test-case name="NUnitTests.BasicCommandTests.testLoad" executed="True" result="Success" success="True" time="0.021" asserts="27" />
                  <test-case name="NUnitTests.BasicCommandTests.testLoadbg" executed="True" result="Success" success="True" time="0.027" asserts="29" />
                  <test-case name="NUnitTests.BasicCommandTests.testPause" executed="True" result="Success" success="True" time="0.008" asserts="13" />
                  <test-case name="NUnitTests.BasicCommandTests.testPlay" executed="True" result="Success" success="True" time="0.023" asserts="29" />
                  <test-case name="NUnitTests.BasicCommandTests.testPrint" executed="True" result="Success" success="True" time="0.012" asserts="9" />
                  <test-case name="NUnitTests.BasicCommandTests.testRemove" executed="True" result="Success" success="True" time="0.012" asserts="9" />
                  <test-case name="NUnitTests.BasicCommandTests.testRestart" executed="True" result="Success" success="True" time="0.002" asserts="2" />
                  <test-case name="NUnitTests.BasicCommandTests.testResume" executed="True" result="Success" success="True" time="0.008" asserts="13" />
                  <test-case name="NUnitTests.BasicCommandTests.testRoute" executed="True" result="Success" success="True" time="0.013" asserts="14" />
                  <test-case name="NUnitTests.BasicCommandTests.testSet" executed="True" result="Success" success="True" time="0.009" asserts="9" />
                  <test-case name="NUnitTests.BasicCommandTests.testStop" executed="True" result="Success" success="True" time="0.011" asserts="13" />
                  <test-case name="NUnitTests.BasicCommandTests.testSwap" executed="True" result="Success" success="True" time="0.014" asserts="12" />
                </results>
              </test-suite>
            </results>
          </test-suite>
        </results>
      </test-suite>
    </results>
  </test-suite>
</test-results>